Added Component: Designator=C1(0805C)
Add component. Clean all parameters for all variants
Added Component: Designator=C2(0805C)
Add component. Clean all parameters for all variants
Added Component: Designator=C3(0805C)
Add component. Clean all parameters for all variants
Added Component: Designator=C4(0805C)
Add component. Clean all parameters for all variants
Added Component: Designator=C5(0805C)
Add component. Clean all parameters for all variants
Added Component: Designator=C6(0805C)
Add component. Clean all parameters for all variants
Added Component: Designator=C7(0805C)
Add component. Clean all parameters for all variants
Added Component: Designator=C8(0805C)
Add component. Clean all parameters for all variants
Added Component: Designator=C9(0805C)
Add component. Clean all parameters for all variants
Added Component: Designator=C10(0805C)
Add component. Clean all parameters for all variants
Added Component: Designator=K1(SMD-3X6X2.5)
Add component. Clean all parameters for all variants
Added Component: Designator=OC1(SMD_PC817)
Add component. Clean all parameters for all variants
Added Component: Designator=OC2(SMD_PC817)
Add component. Clean all parameters for all variants
Added Component: Designator=OC3(SMD_PC817)
Add component. Clean all parameters for all variants
Added Component: Designator=OC4(SMD_PC817)
Add component. Clean all parameters for all variants
Added Component: Designator=OC5(SMD_PC817)
Add component. Clean all parameters for all variants
Added Component: Designator=OC6(SMD_PC817)
Add component. Clean all parameters for all variants
Added Component: Designator=OC7(SMD_PC817)
Add component. Clean all parameters for all variants
Added Component: Designator=OC8(SMD_PC817)
Add component. Clean all parameters for all variants
Added Component: Designator=OC9(SMD_PC817)
Add component. Clean all parameters for all variants
Added Component: Designator=OC10(SMD_PC817)
Add component. Clean all parameters for all variants
Added Component: Designator=R1(0805R)
Add component. Clean all parameters for all variants
Added Component: Designator=R2(0805R)
Add component. Clean all parameters for all variants
Added Component: Designator=R3(0805R)
Add component. Clean all parameters for all variants
Added Component: Designator=R4(0805R)
Add component. Clean all parameters for all variants
Added Component: Designator=R5(0805R)
Add component. Clean all parameters for all variants
Added Component: Designator=R6(0805R)
Add component. Clean all parameters for all variants
Added Component: Designator=R7(0805R)
Add component. Clean all parameters for all variants
Added Component: Designator=R8(0805R)
Add component. Clean all parameters for all variants
Added Component: Designator=R9(0805R)
Add component. Clean all parameters for all variants
Added Component: Designator=R10(0805R)
Add component. Clean all parameters for all variants
Added Component: Designator=R11(0805R)
Add component. Clean all parameters for all variants
Added Component: Designator=R12(0805R)
Add component. Clean all parameters for all variants
Added Component: Designator=R13(0805R)
Add component. Clean all parameters for all variants
Added Component: Designator=R14(0805R)
Add component. Clean all parameters for all variants
Added Component: Designator=st?(STM32F103_48_2)
Add component. Clean all parameters for all variants
Added Component: Designator=X1(OSC HC-49S)
Add component. Clean all parameters for all variants
Added Component: Designator=X2(OSC HC-49S)
Add component. Clean all parameters for all variants
Added Pin To Net: NetName=3V3 Pin=C6-2
Added Pin To Net: NetName=3V3 Pin=C7-2
Added Pin To Net: NetName=3V3 Pin=C8-2
Added Pin To Net: NetName=3V3 Pin=C9-2
Added Pin To Net: NetName=3V3 Pin=R2-2
Added Pin To Net: NetName=3V3 Pin=R3-1
Added Pin To Net: NetName=3V3 Pin=R4-1
Added Pin To Net: NetName=3V3 Pin=st?-24
Added Pin To Net: NetName=3V3 Pin=st?-36
Added Pin To Net: NetName=3V3 Pin=st?-48
Added Net: Name=3V3
Added Pin To Net: NetName=GND Pin=C1-1
Added Pin To Net: NetName=GND Pin=C2-1
Added Pin To Net: NetName=GND Pin=C3-1
Added Pin To Net: NetName=GND Pin=C4-1
Added Pin To Net: NetName=GND Pin=C5-1
Added Pin To Net: NetName=GND Pin=C6-1
Added Pin To Net: NetName=GND Pin=C7-1
Added Pin To Net: NetName=GND Pin=C8-1
Added Pin To Net: NetName=GND Pin=C9-1
Added Pin To Net: NetName=GND Pin=C10-1
Added Pin To Net: NetName=GND Pin=K1-1
Added Pin To Net: NetName=GND Pin=OC1-2
Added Pin To Net: NetName=GND Pin=OC2-2
Added Pin To Net: NetName=GND Pin=OC3-2
Added Pin To Net: NetName=GND Pin=OC4-2
Added Pin To Net: NetName=GND Pin=OC5-2
Added Pin To Net: NetName=GND Pin=OC6-2
Added Pin To Net: NetName=GND Pin=OC7-2
Added Pin To Net: NetName=GND Pin=OC8-2
Added Pin To Net: NetName=GND Pin=OC9-2
Added Pin To Net: NetName=GND Pin=OC10-2
Added Pin To Net: NetName=GND Pin=st?-8
Added Pin To Net: NetName=GND Pin=st?-23
Added Pin To Net: NetName=GND Pin=st?-35
Added Pin To Net: NetName=GND Pin=st?-47
Added Net: Name=GND
Added Pin To Net: NetName=NetC3_2 Pin=C3-2
Added Pin To Net: NetName=NetC3_2 Pin=R1-2
Added Pin To Net: NetName=NetC3_2 Pin=st?-5
Added Pin To Net: NetName=NetC3_2 Pin=X2-2
Added Net: Name=NetC3_2
Added Pin To Net: NetName=NetC4_2 Pin=C4-2
Added Pin To Net: NetName=NetC4_2 Pin=R1-1
Added Pin To Net: NetName=NetC4_2 Pin=st?-6
Added Pin To Net: NetName=NetC4_2 Pin=X2-1
Added Net: Name=NetC4_2
Added Pin To Net: NetName=NetC5_2 Pin=C5-2
Added Pin To Net: NetName=NetC5_2 Pin=R2-1
Added Pin To Net: NetName=NetC5_2 Pin=st?-9
Added Net: Name=NetC5_2
Added Pin To Net: NetName=NetOC1_1 Pin=OC1-1
Added Pin To Net: NetName=NetOC1_1 Pin=R5-2
Added Net: Name=NetOC1_1
Added Pin To Net: NetName=NetOC2_1 Pin=OC2-1
Added Pin To Net: NetName=NetOC2_1 Pin=R6-2
Added Net: Name=NetOC2_1
Added Pin To Net: NetName=NetOC3_1 Pin=OC3-1
Added Pin To Net: NetName=NetOC3_1 Pin=R8-2
Added Net: Name=NetOC3_1
Added Pin To Net: NetName=NetOC4_1 Pin=OC4-1
Added Pin To Net: NetName=NetOC4_1 Pin=R7-2
Added Net: Name=NetOC4_1
Added Pin To Net: NetName=NetOC5_1 Pin=OC5-1
Added Pin To Net: NetName=NetOC5_1 Pin=R9-2
Added Net: Name=NetOC5_1
Added Pin To Net: NetName=NetOC6_1 Pin=OC6-1
Added Pin To Net: NetName=NetOC6_1 Pin=R10-2
Added Net: Name=NetOC6_1
Added Pin To Net: NetName=NetOC7_1 Pin=OC7-1
Added Pin To Net: NetName=NetOC7_1 Pin=R11-2
Added Net: Name=NetOC7_1
Added Pin To Net: NetName=NetOC8_1 Pin=OC8-1
Added Pin To Net: NetName=NetOC8_1 Pin=R12-2
Added Net: Name=NetOC8_1
Added Pin To Net: NetName=NetOC9_1 Pin=OC9-1
Added Pin To Net: NetName=NetOC9_1 Pin=R13-2
Added Net: Name=NetOC9_1
Added Pin To Net: NetName=NetOC10_1 Pin=OC10-1
Added Pin To Net: NetName=NetOC10_1 Pin=R14-2
Added Net: Name=NetOC10_1
Added Pin To Net: NetName=NetR3_2 Pin=R3-2
Added Pin To Net: NetName=NetR3_2 Pin=st?-1
Added Net: Name=NetR3_2
Added Pin To Net: NetName=NRST Pin=C10-2
Added Pin To Net: NetName=NRST Pin=K1-3
Added Pin To Net: NetName=NRST Pin=R4-2
Added Pin To Net: NetName=NRST Pin=st?-7
Added Net: Name=NRST
Added Pin To Net: NetName=PA0 Pin=st?-10
Added Net: Name=PA0
Added Pin To Net: NetName=PA1 Pin=st?-11
Added Net: Name=PA1
Added Pin To Net: NetName=PA2 Pin=st?-12
Added Net: Name=PA2
Added Pin To Net: NetName=PA3 Pin=st?-13
Added Net: Name=PA3
Added Pin To Net: NetName=PA4 Pin=st?-14
Added Net: Name=PA4
Added Pin To Net: NetName=PA5 Pin=st?-15
Added Net: Name=PA5
Added Pin To Net: NetName=PA6 Pin=st?-16
Added Net: Name=PA6
Added Pin To Net: NetName=PA7 Pin=st?-17
Added Net: Name=PA7
Added Pin To Net: NetName=PA8 Pin=st?-29
Added Net: Name=PA8
Added Pin To Net: NetName=PA9 Pin=st?-30
Added Net: Name=PA9
Added Pin To Net: NetName=PA10 Pin=st?-31
Added Net: Name=PA10
Added Pin To Net: NetName=PA11 Pin=st?-32
Added Net: Name=PA11
Added Pin To Net: NetName=PA12 Pin=st?-33
Added Net: Name=PA12
Added Pin To Net: NetName=PA13 Pin=st?-34
Added Net: Name=PA13
Added Pin To Net: NetName=PA14 Pin=st?-37
Added Net: Name=PA14
Added Pin To Net: NetName=PA15 Pin=st?-38
Added Net: Name=PA15
Added Pin To Net: NetName=PB0 Pin=st?-18
Added Net: Name=PB0
Added Pin To Net: NetName=PB1 Pin=st?-19
Added Net: Name=PB1
Added Pin To Net: NetName=PB2 Pin=st?-20
Added Net: Name=PB2
Added Pin To Net: NetName=PB3 Pin=st?-39
Added Net: Name=PB3
Added Pin To Net: NetName=PB4 Pin=st?-40
Added Net: Name=PB4
Added Pin To Net: NetName=PB5 Pin=st?-41
Added Net: Name=PB5
Added Pin To Net: NetName=PB6 Pin=st?-42
Added Net: Name=PB6
Added Pin To Net: NetName=PB7 Pin=st?-43
Added Net: Name=PB7
Added Pin To Net: NetName=PB8 Pin=st?-45
Added Net: Name=PB8
Added Pin To Net: NetName=PB9 Pin=st?-46
Added Net: Name=PB9
Added Pin To Net: NetName=PB10 Pin=st?-21
Added Net: Name=PB10
Added Pin To Net: NetName=PB11 Pin=st?-22
Added Net: Name=PB11
Added Pin To Net: NetName=PB12 Pin=st?-25
Added Net: Name=PB12
Added Pin To Net: NetName=PB13 Pin=st?-26
Added Net: Name=PB13
Added Pin To Net: NetName=PB14 Pin=st?-27
Added Net: Name=PB14
Added Pin To Net: NetName=PB15 Pin=st?-28
Added Net: Name=PB15
Added Pin To Net: NetName=PC13 Pin=C2-2
Added Pin To Net: NetName=PC13 Pin=st?-2
Added Pin To Net: NetName=PC13 Pin=st?-4
Added Pin To Net: NetName=PC13 Pin=X1-1
Added Net: Name=PC13
Added Pin To Net: NetName=PC14 Pin=C1-2
Added Pin To Net: NetName=PC14 Pin=st?-3
Added Pin To Net: NetName=PC14 Pin=X1-2
Added Net: Name=PC14
Added Class: Name=Sheet1
Added Room: Name=Sheet1
