Change Component Designator: Old Designator= New Designator=1
Change Component Designator: Old Designator=BEEP New Designator=BEEP1
Change Component Designator: Old Designator=C3 New Designator=C4
Change Component Designator: Old Designator=C4 New Designator=C6
Change Component Designator: Old Designator=C5 New Designator=C9
Change Component Designator: Old Designator=C6 New Designator=C14
Change Component Designator: Old Designator=C7 New Designator=C3
Change Component Designator: Old Designator=C8 New Designator=C5
Change Component Designator: Old Designator=C9 New Designator=C7
Change Component Designator: Old Designator=C10 New Designator=C8
Change Component Designator: Old Designator=C11 New Designator=C10
Change Component Designator: Old Designator=C12 New Designator=C11
Change Component Designator: Old Designator=C13 New Designator=C12
Change Component Designator: Old Designator=C14 New Designator=C13
Change Component Designator: Old Designator=C15 New Designator=C16
Change Component Designator: Old Designator=C16 New Designator=C15
Change Component Designator: Old Designator=D5 New Designator=D8
Change Component Designator: Old Designator=D6 New Designator=D9
Change Component Designator: Old Designator=D7 New Designator=D5
Change Component Designator: Old Designator=D8 New Designator=D7
Change Component Designator: Old Designator=D9 New Designator=D4
Change Component Designator: Old Designator=D10 New Designator=D6
Change Component Designator: Old Designator=DLDR New Designator=DLDR1
Change Component Designator: Old Designator=GLJC New Designator=GLJC1
Change Component Designator: Old Designator=JDQ2 New Designator=JDQ3
Change Component Designator: Old Designator=JDQ3 New Designator=JDQ2
Change Component Designator: Old Designator=K3 New Designator=K4
Change Component Designator: Old Designator=K4 New Designator=K3
Change Component Designator: Old Designator=LED2 New Designator=LED3
Change Component Designator: Old Designator=LED3 New Designator=LED2
Change Component Designator: Old Designator=Q2 New Designator=Q3
Change Component Designator: Old Designator=Q3 New Designator=Q4
Change Component Designator: Old Designator=Q4 New Designator=Q5
Change Component Designator: Old Designator=Q5 New Designator=Q2
Change Component Designator: Old Designator=R1 New Designator=R11
Change Component Designator: Old Designator=R2 New Designator=R12
Change Component Designator: Old Designator=R4 New Designator=R22
Change Component Designator: Old Designator=R5 New Designator=R19
Change Component Designator: Old Designator=R7 New Designator=R24
Change Component Designator: Old Designator=R8 New Designator=R28
Change Component Designator: Old Designator=R9 New Designator=R4
Change Component Designator: Old Designator=R10 New Designator=R1
Change Component Designator: Old Designator=R11 New Designator=R9
Change Component Designator: Old Designator=R12 New Designator=R7
Change Component Designator: Old Designator=R13 New Designator=R15
Change Component Designator: Old Designator=R14 New Designator=R13
Change Component Designator: Old Designator=R15 New Designator=R20
Change Component Designator: Old Designator=R16 New Designator=R17
Change Component Designator: Old Designator=R17 New Designator=R25
Change Component Designator: Old Designator=R18 New Designator=R23
Change Component Designator: Old Designator=R19 New Designator=R30
Change Component Designator: Old Designator=R20 New Designator=R29
Change Component Designator: Old Designator=R21 New Designator=R33
Change Component Designator: Old Designator=R22 New Designator=R32
Change Component Designator: Old Designator=R23 New Designator=R39
Change Component Designator: Old Designator=R24 New Designator=R37
Change Component Designator: Old Designator=R25 New Designator=R5
Change Component Designator: Old Designator=R26 New Designator=R2
Change Component Designator: Old Designator=R27 New Designator=R10
Change Component Designator: Old Designator=R28 New Designator=R8
Change Component Designator: Old Designator=R29 New Designator=R16
Change Component Designator: Old Designator=R30 New Designator=R14
Change Component Designator: Old Designator=R31 New Designator=R21
Change Component Designator: Old Designator=R32 New Designator=R18
Change Component Designator: Old Designator=R33 New Designator=R26
Change Component Designator: Old Designator=R34 New Designator=R27
Change Component Designator: Old Designator=R35 New Designator=R31
Change Component Designator: Old Designator=R36 New Designator=R34
Change Component Designator: Old Designator=R37 New Designator=R35
Change Component Designator: Old Designator=R38 New Designator=R41
Change Component Designator: Old Designator=R39 New Designator=R42
Change Component Designator: Old Designator=R40 New Designator=R43
Change Component Designator: Old Designator=R41 New Designator=R45
Change Component Designator: Old Designator=R42 New Designator=R46
Change Component Designator: Old Designator=R43 New Designator=R47
Change Component Designator: Old Designator=R44 New Designator=R49
Change Component Designator: Old Designator=R45 New Designator=R38
Change Component Designator: Old Designator=R46 New Designator=R40
Change Component Designator: Old Designator=R47 New Designator=R36
Change Component Designator: Old Designator=R48 New Designator=R44
Change Component Designator: Old Designator=R49 New Designator=R48
Change Component Designator: Old Designator=RT New Designator=RT1
Change Component Designator: Old Designator=RTBJ New Designator=RTBJ1
Change Component Designator: Old Designator=S1 New Designator=S2
Change Component Designator: Old Designator=S New Designator=S1
Change Component Designator: Old Designator=SMG New Designator=SMG1
Change Component Designator: Old Designator=SS New Designator=SS1
Change Component Designator: Old Designator=SXCF New Designator=SXCF1
Change Component Designator: Old Designator=SXING New Designator=SXING1
Change Component Designator: Old Designator=U? New Designator=U1
Change Component Designator: Old Designator=X New Designator=X3
Change Component Designator: Old Designator=XX New Designator=XX1
Change Component Designator: Old Designator=XXCF New Designator=XXCF1
Change Component Designator: Old Designator=XXING New Designator=XXING1
Change Component Designator: Old Designator=ZHA New Designator=ZHA1
Change Component Designator: Old Designator=ZHABJ New Designator=ZHABJ1
