Added Component: Designator=JDQ2(SLA-xxVDC-SL-C)
Add component. Clean all parameters for all variants
Added Pin To Net: NetName=JDQ22 Pin=JDQ2-1
Added Pin To Net: NetName=JDQ11 Pin=JDQ2-2
Added Pin To Net: NetName=M12_OUT Pin=JDQ2-3
Added Pin To Net: NetName=GND Pin=JDQ2-4
Added Pin To Net: NetName=12V Pin=JDQ2-5
Added Pin To Net: NetName=M12_OUT Pin=JDQ2-6
Added Member To Class: ClassName=Sheet1 Member=Component BEEP 3.3VÓÐÔ´
Added Member To Class: ClassName=Sheet1 Member=Component C1 12PF
Added Member To Class: ClassName=Sheet1 Member=Component C2 12PF
Added Member To Class: ClassName=Sheet1 Member=Component C3 22PF
Added Member To Class: ClassName=Sheet1 Member=Component C4 22PF
Added Member To Class: ClassName=Sheet1 Member=Component C5 104
Added Member To Class: ClassName=Sheet1 Member=Component C6 104
Added Member To Class: ClassName=Sheet1 Member=Component C7 680uf
Added Member To Class: ClassName=Sheet1 Member=Component C8 220uf
Added Member To Class: ClassName=Sheet1 Member=Component C9 10uf
Added Member To Class: ClassName=Sheet1 Member=Component C10 10uf
Added Member To Class: ClassName=Sheet1 Member=Component C11 104
Added Member To Class: ClassName=Sheet1 Member=Component C12 104
Added Member To Class: ClassName=Sheet1 Member=Component C13 104
Added Member To Class: ClassName=Sheet1 Member=Component C14 106
Added Member To Class: ClassName=Sheet1 Member=Component C15 1nF
Added Member To Class: ClassName=Sheet1 Member=Component C16 0.1uF
Added Member To Class: ClassName=Sheet1 Member=Component C17 1000pF
Added Member To Class: ClassName=Sheet1 Member=Component C18 104
Added Member To Class: ClassName=Sheet1 Member=Component C19 470uf
Added Member To Class: ClassName=Sheet1 Member=Component D1 1N5824
Added Member To Class: ClassName=Sheet1 Member=Component D2 M7
Added Member To Class: ClassName=Sheet1 Member=Component D3 M7
Added Member To Class: ClassName=Sheet1 Member=Component D5 M7
Added Member To Class: ClassName=Sheet1 Member=Component D6 M7
Added Member To Class: ClassName=Sheet1 Member=Component D7 M7
Added Member To Class: ClassName=Sheet1 Member=Component D8 1N4448W
Added Member To Class: ClassName=Sheet1 Member=Component D9 KE
Added Member To Class: ClassName=Sheet1 Member=Component D10 M7
Added Member To Class: ClassName=Sheet1 Member=Component DLDR CBB22
Added Member To Class: ClassName=Sheet1 Member=Component GLJC ACS712
Added Member To Class: ClassName=Sheet1 Member=Component J1 KFHB9500
Added Member To Class: ClassName=Sheet1 Member=Component J2 KF128-5.0
Added Member To Class: ClassName=Sheet1 Member=Component J3 KF128-5.0
Added Member To Class: ClassName=Sheet1 Member=Component J4 KF128-5.0
Added Member To Class: ClassName=Sheet1 Member=Component JDQ1 SLA-05VDC-SL-C
Added Member To Class: ClassName=Sheet1 Member=Component JDQ2 SLA-05VDC-SL-C
Added Member To Class: ClassName=Sheet1 Member=Component JDQ3 SRD-05VDC-SL-C
Added Member To Class: ClassName=Sheet1 Member=Component JDQ4 SRD-05VDC-SL-C
Added Member To Class: ClassName=Sheet1 Member=Component JXH1 PC817
Added Member To Class: ClassName=Sheet1 Member=Component JXH2 PC817
Added Member To Class: ClassName=Sheet1 Member=Component JXH3 PC817
Added Member To Class: ClassName=Sheet1 Member=Component JXH4 PC817
Added Member To Class: ClassName=Sheet1 Member=Component K1 RST
Added Member To Class: ClassName=Sheet1 Member=Component K2 
Added Member To Class: ClassName=Sheet1 Member=Component K3 
Added Member To Class: ClassName=Sheet1 Member=Component K4 
Added Member To Class: ClassName=Sheet1 Member=Component K5 
Added Member To Class: ClassName=Sheet1 Member=Component L1 33uH
Added Member To Class: ClassName=Sheet1 Member=Component LED1 
Added Member To Class: ClassName=Sheet1 Member=Component LED2 
Added Member To Class: ClassName=Sheet1 Member=Component LED3 
Added Member To Class: ClassName=Sheet1 Member=Component LED4 
Added Member To Class: ClassName=Sheet1 Member=Component P1 Header 3X2A
Added Member To Class: ClassName=Sheet1 Member=Component P2 Header 4
Added Member To Class: ClassName=Sheet1 Member=Component P3 Header 4
Added Member To Class: ClassName=Sheet1 Member=Component P4 ADC
Added Member To Class: ClassName=Sheet1 Member=Component Q1 NPN
Added Member To Class: ClassName=Sheet1 Member=Component Q2 NPN
Added Member To Class: ClassName=Sheet1 Member=Component Q3 NPN
Added Member To Class: ClassName=Sheet1 Member=Component Q4 NPN
Added Member To Class: ClassName=Sheet1 Member=Component Q5 NPN
Added Member To Class: ClassName=Sheet1 Member=Component R1 1M
Added Member To Class: ClassName=Sheet1 Member=Component R2 0R
Added Member To Class: ClassName=Sheet1 Member=Component R3 0R
Added Member To Class: ClassName=Sheet1 Member=Component R4 10K
Added Member To Class: ClassName=Sheet1 Member=Component R5 10K
Added Member To Class: ClassName=Sheet1 Member=Component R6 10K
Added Member To Class: ClassName=Sheet1 Member=Component R7 1K
Added Member To Class: ClassName=Sheet1 Member=Component R8 510
Added Member To Class: ClassName=Sheet1 Member=Component R9 300
Added Member To Class: ClassName=Sheet1 Member=Component R10 2K
Added Member To Class: ClassName=Sheet1 Member=Component R11 300
Added Member To Class: ClassName=Sheet1 Member=Component R12 2K
Added Member To Class: ClassName=Sheet1 Member=Component R13 300
Added Member To Class: ClassName=Sheet1 Member=Component R14 2K
Added Member To Class: ClassName=Sheet1 Member=Component R15 300
Added Member To Class: ClassName=Sheet1 Member=Component R16 2K
Added Member To Class: ClassName=Sheet1 Member=Component R17 300
Added Member To Class: ClassName=Sheet1 Member=Component R18 2K
Added Member To Class: ClassName=Sheet1 Member=Component R19 300
Added Member To Class: ClassName=Sheet1 Member=Component R20 2K
Added Member To Class: ClassName=Sheet1 Member=Component R21 300
Added Member To Class: ClassName=Sheet1 Member=Component R22 2K
Added Member To Class: ClassName=Sheet1 Member=Component R23 300
Added Member To Class: ClassName=Sheet1 Member=Component R24 2K
Added Member To Class: ClassName=Sheet1 Member=Component R25 300
Added Member To Class: ClassName=Sheet1 Member=Component R26 2K
Added Member To Class: ClassName=Sheet1 Member=Component R27 300
Added Member To Class: ClassName=Sheet1 Member=Component R28 2K
Added Member To Class: ClassName=Sheet1 Member=Component R29 300
Added Member To Class: ClassName=Sheet1 Member=Component R30 2K
Added Member To Class: ClassName=Sheet1 Member=Component R31 300
Added Member To Class: ClassName=Sheet1 Member=Component R32 2K
Added Member To Class: ClassName=Sheet1 Member=Component R33 300
Added Member To Class: ClassName=Sheet1 Member=Component R34 1K
Added Member To Class: ClassName=Sheet1 Member=Component R35 4.7K
Added Member To Class: ClassName=Sheet1 Member=Component R36 300
Added Member To Class: ClassName=Sheet1 Member=Component R37 1K
Added Member To Class: ClassName=Sheet1 Member=Component R38 4.7K
Added Member To Class: ClassName=Sheet1 Member=Component R39 300
Added Member To Class: ClassName=Sheet1 Member=Component R40 1K
Added Member To Class: ClassName=Sheet1 Member=Component R41 4.7K
Added Member To Class: ClassName=Sheet1 Member=Component R42 300
Added Member To Class: ClassName=Sheet1 Member=Component R43 1K
Added Member To Class: ClassName=Sheet1 Member=Component R44 4.7K
Added Member To Class: ClassName=Sheet1 Member=Component R45 2K
Added Member To Class: ClassName=Sheet1 Member=Component R46 10K
Added Member To Class: ClassName=Sheet1 Member=Component R47 1K
Added Member To Class: ClassName=Sheet1 Member=Component R48 2K
Added Member To Class: ClassName=Sheet1 Member=Component R49 2K
Added Member To Class: ClassName=Sheet1 Member=Component R50 330
Added Member To Class: ClassName=Sheet1 Member=Component R51 330
Added Member To Class: ClassName=Sheet1 Member=Component RTBJ PC817
Added Member To Class: ClassName=Sheet1 Member=Component RT PC817
Added Member To Class: ClassName=Sheet1 Member=Component S1 SW4-DIP8
Added Member To Class: ClassName=Sheet1 Member=Component SMG 0.36IN-4-K
Added Member To Class: ClassName=Sheet1 Member=Component SS PC817
Added Member To Class: ClassName=Sheet1 Member=Component S PC817
Added Member To Class: ClassName=Sheet1 Member=Component SXCF PC817
Added Member To Class: ClassName=Sheet1 Member=Component SXING PC817
Added Member To Class: ClassName=Sheet1 Member=Component  stm32f103
Added Member To Class: ClassName=Sheet1 Member=Component U? TM1650
Added Member To Class: ClassName=Sheet1 Member=Component W1 LM2596-5.0
Added Member To Class: ClassName=Sheet1 Member=Component W2 AMS1117
Added Member To Class: ClassName=Sheet1 Member=Component X1 32.768K
Added Member To Class: ClassName=Sheet1 Member=Component X2 8M
Added Member To Class: ClassName=Sheet1 Member=Component X PC817
Added Member To Class: ClassName=Sheet1 Member=Component XXCF PC817
Added Member To Class: ClassName=Sheet1 Member=Component XXING PC817
Added Member To Class: ClassName=Sheet1 Member=Component XX PC817
Added Member To Class: ClassName=Sheet1 Member=Component YM1 
Added Member To Class: ClassName=Sheet1 Member=Component YM2 
Added Member To Class: ClassName=Sheet1 Member=Component YM3 
Added Member To Class: ClassName=Sheet1 Member=Component ZHABJ PC817
Added Member To Class: ClassName=Sheet1 Member=Component ZHA PC817
Added Room: Name=Sheet1
